<?xml version="1.0" encoding="UTF-8"?>
<!-- Generated by org.testng.reporters.JUnitXMLReporter -->
<testsuite ignored="0" hostname="ShameemsLaptop" failures="0" tests="7" name="Default test" time="5.429" errors="0" timestamp="2022-09-20T20:45:36 PDT">
  <testcase classname="com.PTG.Reqres.REQRES.TestUsersAPI" name="deleteUser" time="2.31"/>
  <testcase classname="com.PTG.Reqres.REQRES.TestUsersAPI" name="getListResource" time="0.29"/>
  <testcase classname="com.PTG.Reqres.REQRES.TestUsersAPI" name="getSingleUserNotfound" time="0.243"/>
  <testcase classname="com.PTG.Reqres.REQRES.TestUsersAPI" name="postUser" time="1.499"/>
  <testcase classname="com.PTG.Reqres.REQRES.TestUsersAPI" name="putUser" time="0.533"/>
  <testcase classname="com.PTG.Reqres.REQRES.TestUsersAPI" name="testSingleUser" time="0.287"/>
  <testcase classname="com.PTG.Reqres.REQRES.TestUsersAPI" name="testUserDetails" time="0.212"/>
</testsuite> <!-- Default test -->
